     1                                  bits 32 ; assembling for the 32 bits architecture
     2                                  
     3                                  ; declare the EntryPoint (a label defining the very first instruction of the program)
     4                                  global start        
     5                                  
     6                                  ; declare external functions needed by our program
     7                                  extern exit               ; tell nasm that exit exists even if we won't be defining it
     8                                  import exit msvcrt.dll    ; exit is a function that ends the calling process. It is defined in msvcrt.dll
     9                                                            ; msvcrt.dll contains exit, printf and all the other important C-runtime specific functions
    10                                  
    11                                  ; our data is declared here (the variables needed by our program)
    12                                  segment data use32 class=data
    13                                      
    14 00000000 18000000                    a dd 24
    15 00000004 16000000                    b dd 22
    16                                  
    17                                  ; our code starts here
    18                                  segment code use32 class=code
    19                                      start:
    20                                      
    21 00000000 A1[00000000]                mov eax, [a]
    22 00000005 83E802                      sub eax, 2              ;eax = 22
    23                                      
    24 00000008 3B05[04000000]              cmp eax, [b]            ; scadere fictiva eax - b
    25                                      
    26                                          ; exit(0)
    27 0000000E 6A00                            push    dword 0      ; push the parameter for exit onto the stack
    28 00000010 FF15[00000000]                  call    [exit]       ; call exit to terminate the program
